<Format> 12 16 29
as	0	0	0		 	 	 	 	 	5	1	15.000000	1.000000
as	 	 	 	 	 	 	 	 	 	 	 	 	 
as	 	 	 	 	 	 	 	 	 	 	 	 	 
as	 	 	 	 	 	 	 	 	 	 	 	 	 
as	 -70	 100	 60	60	100	1	100	 	 	 	 	 	 
as	 	 	 	 	 	 	 	 	 	 	 	 	 
as	 	 	 	 	 	 	 	 	 	 	 	 	 
as	 	 	 	 	 	 	 	 	 	 	 	 	 
as	 0	 50	 1	 1	 0.5	 10	 1	 	 	 	 	 	 
as	 	 	 	 	 	 	 	 	 	 	 	 	 
as	 	 	 	 	 	 	 	 	 	 	 	 	 
as	 	 	 	 	 	 	 	 	 	 	 	 	 
NewPattern1		 	 	 	 	 	 	 	 	 	 	 	 
NewPattern1		 	 	 	 	 	 	 	 	 	 	 	 
NewPattern1		 	 	 	 	 	 	 	 	 	 	 	 
NewPattern1		 	 	 	 	 	 	 	 	 	 	 	 
NewPattern1		 	 	 	 	 	 	 	 	 	 	 	 
NewPattern1		 	 	 	 	 	 	 	 	 	 	 	 
NewPattern1	 	 	 	 	 	 	 	 	 	 	 	 	 
NewPattern1	 	 	 	 	 	 	 	 	 	 	 	 	 
NewPattern1	 	 	 	 	 	 	 	 	 	 	 	 	 
NewPattern1	 	 	 	 	 	 	 	 	 	 	 	 	 
NewPattern1	 	 	 	 	 	 	 	 	 	 	 	 	 
NewPattern1	 	 	 	 	 	 	 	 	 	 	 	 	 
 	 	 	 	 	 	 	 	 	 	 	 	 	 
 	 	 	 	 	 	 	 	 	 	 	 	 	 
 	 	 	 	 	 	 	 	 	 	 	 	 	 
 	 	 	 	 	 	 	 	 	 	 	 	 	 
 	 	 	 	 	 	 	 	 	 	 	 	 	 
 	 	 	 	 	 	 	 	 	 	 	 	 	 
 	 	 	 	 	 	 	 	 	 	 	 	 	 
 	 	 	 	 	 	 	 	 	 	 	 	 	 
 	 	 	 	 	 	 	 	 	 	 	 	 	 
 	 	 	 	 	 	 	 	 	 	 	 	 	 
 	 	 	 	 	 	 	 	 	 	 	 	 	 
 	 	 	 	 	 	 	 	 	 	 	 	 	 
 	 	 	 	 	 	 	 	 	 	 	 	 	 
 	 	 	 	 	 	 	 	 	 	 	 	 	 
 	 	 	 	 	 	 	 	 	 	 	 	 	 
 	 	 	 	 	 	 	 	 	 	 	 	 	 
 	 	 	 	 	 	 	 	 	 	 	 	 	 
 	 	 	 	 	 	 	 	 	 	 	 	 	 
 	 	 	 	 	 	 	 	 	 	 	 	 	 
 	 	 	 	 	 	 	 	 	 	 	 	 	 
 	 	 	 	 	 	 	 	 	 	 	 	 	 
 	 	 	 	 	 	 	 	 	 	 	 	 	 
 	 	 	 	 	 	 	 	 	 	 	 	 	 
 	 	 	 	 	 	 	 	 	 	 	 	 	 
 	 	 	 	 	 	 	 	 	 	 	 	 	 
 	 	 	 	 	 	 	 	 	 	 	 	 	 
 	 	 	 	 	 	 	 	 	 	 	 	 	 
 	 	 	 	 	 	 	 	 	 	 	 	 	 
 	 	 	 	 	 	 	 	 	 	 	 	 	 
 	 	 	 	 	 	 	 	 	 	 	 	 	 
 	 	 	 	 	 	 	 	 	 	 	 	 	 
 	 	 	 	 	 	 	 	 	 	 	 	 	 
 	 	 	 	 	 	 	 	 	 	 	 	 	 
 	 	 	 	 	 	 	 	 	 	 	 	 	 
 	 	 	 	 	 	 	 	 	 	 	 	 	 
 	 	 	 	 	 	 	 	 	 	 	 	 	 
 	 	 	 	 	 	 	 	 	 	 	 	 	 
 	 	 	 	 	 	 	 	 	 	 	 	 	 
 	 	 	 	 	 	 	 	 	 	 	 	 	 
 	 	 	 	 	 	 	 	 	 	 	 	 	 
 	 	 	 	 	 	 	 	 	 	 	 	 	 
 	 	 	 	 	 	 	 	 	 	 	 	 	 
 	 	 	 	 	 	 	 	 	 	 	 	 	 
 	 	 	 	 	 	 	 	 	 	 	 	 	 
 	 	 	 	 	 	 	 	 	 	 	 	 	 
 	 	 	 	 	 	 	 	 	 	 	 	 	 
 	 	 	 	 	 	 	 	 	 	 	 	 	 
 	 	 	 	 	 	 	 	 	 	 	 	 	 
 	 	 	 	 	 	 	 	 	 	 	 	 	 
 	 	 	 	 	 	 	 	 	 	 	 	 	 
 	 	 	 	 	 	 	 	 	 	 	 	 	 
 	 	 	 	 	 	 	 	 	 	 	 	 	 
 	 	 	 	 	 	 	 	 	 	 	 	 	 
 	 	 	 	 	 	 	 	 	 	 	 	 	 
 	 	 	 	 	 	 	 	 	 	 	 	 	 
 	 	 	 	 	 	 	 	 	 	 	 	 	 
 	 	 	 	 	 	 	 	 	 	 	 	 	 
 	 	 	 	 	 	 	 	 	 	 	 	 	 
 	 	 	 	 	 	 	 	 	 	 	 	 	 
 	 	 	 	 	 	 	 	 	 	 	 	 	 
 	 	 	 	 	 	 	 	 	 	 	 	 	 
 	 	 	 	 	 	 	 	 	 	 	 	 	 
 	 	 	 	 	 	 	 	 	 	 	 	 	 
 	 	 	 	 	 	 	 	 	 	 	 	 	 
 	 	 	 	 	 	 	 	 	 	 	 	 	 
 	 	 	 	 	 	 	 	 	 	 	 	 	 
 	 	 	 	 	 	 	 	 	 	 	 	 	 
 	 	 	 	 	 	 	 	 	 	 	 	 	 
 	 	 	 	 	 	 	 	 	 	 	 	 	 
 	 	 	 	 	 	 	 	 	 	 	 	 	 
 	 	 	 	 	 	 	 	 	 	 	 	 	 
 	 	 	 	 	 	 	 	 	 	 	 	 	 
 	 	 	 	 	 	 	 	 	 	 	 	 	 
 	 	 	 	 	 	 	 	 	 	 	 	 	 
 	 	 	 	 	 	 	 	 	 	 	 	 	 
 	 	 	 	 	 	 	 	 	 	 	 	 	 
 	 	 	 	 	 	 	 	 	 	 	 	 	 
 	 	 	 	 	 	 	 	 	 	 	 	 	 
 	 	 	 	 	 	 	 	 	 	 	 	 	 
 	 	 	 	 	 	 	 	 	 	 	 	 	 
 	 	 	 	 	 	 	 	 	 	 	 	 	 
 	 	 	 	 	 	 	 	 	 	 	 	 	 
 	 	 	 	 	 	 	 	 	 	 	 	 	 
 	 	 	 	 	 	 	 	 	 	 	 	 	 
 	 	 	 	 	 	 	 	 	 	 	 	 	 
 	 	 	 	 	 	 	 	 	 	 	 	 	 
 	 	 	 	 	 	 	 	 	 	 	 	 	 
 	 	 	 	 	 	 	 	 	 	 	 	 	 
 	 	 	 	 	 	 	 	 	 	 	 	 	 
 	 	 	 	 	 	 	 	 	 	 	 	 	 
 	 	 	 	 	 	 	 	 	 	 	 	 	 
 	 	 	 	 	 	 	 	 	 	 	 	 	 
 	 	 	 	 	 	 	 	 	 	 	 	 	 
 	 	 	 	 	 	 	 	 	 	 	 	 	 
 	 	 	 	 	 	 	 	 	 	 	 	 	 
 	 	 	 	 	 	 	 	 	 	 	 	 	 
 	 	 	 	 	 	 	 	 	 	 	 	 	 
 	 	 	 	 	 	 	 	 	 	 	 	 	 
 	 	 	 	 	 	 	 	 	 	 	 	 	 
 	 	 	 	 	 	 	 	 	 	 	 	 	 
 	 	 	 	 	 	 	 	 	 	 	 	 	 
 	 	 	 	 	 	 	 	 	 	 	 	 	 
 	 	 	 	 	 	 	 	 	 	 	 	 	 
 	 	 	 	 	 	 	 	 	 	 	 	 	 
 	 	 	 	 	 	 	 	 	 	 	 	 	 
 	 	 	 	 	 	 	 	 	 	 	 	 	 
 	 	 	 	 	 	 	 	 	 	 	 	 	 
 	 	 	 	 	 	 	 	 	 	 	 	 	 
 	 	 	 	 	 	 	 	 	 	 	 	 	 
 	 	 	 	 	 	 	 	 	 	 	 	 	 
 	 	 	 	 	 	 	 	 	 	 	 	 	 
 	 	 	 	 	 	 	 	 	 	 	 	 	 
 	 	 	 	 	 	 	 	 	 	 	 	 	 
 	 	 	 	 	 	 	 	 	 	 	 	 	 
 	 	 	 	 	 	 	 	 	 	 	 	 	 
 	 	 	 	 	 	 	 	 	 	 	 	 	 
 	 	 	 	 	 	 	 	 	 	 	 	 	 
 	 	 	 	 	 	 	 	 	 	 	 	 	 
 	 	 	 	 	 	 	 	 	 	 	 	 	 
 	 	 	 	 	 	 	 	 	 	 	 	 	 
 	 	 	 	 	 	 	 	 	 	 	 	 	 
 	 	 	 	 	 	 	 	 	 	 	 	 	 
 	 	 	 	 	 	 	 	 	 	 	 	 	 
 	 	 	 	 	 	 	 	 	 	 	 	 	 
 	 	 	 	 	 	 	 	 	 	 	 	 	 
 	 	 	 	 	 	 	 	 	 	 	 	 	 
 	 	 	 	 	 	 	 	 	 	 	 	 	 
 	 	 	 	 	 	 	 	 	 	 	 	 	 
 	 	 	 	 	 	 	 	 	 	 	 	 	 
 	 	 	 	 	 	 	 	 	 	 	 	 	 
 	 	 	 	 	 	 	 	 	 	 	 	 	 
 	 	 	 	 	 	 	 	 	 	 	 	 	 
 	 	 	 	 	 	 	 	 	 	 	 	 	 
 	 	 	 	 	 	 	 	 	 	 	 	 	 
 	 	 	 	 	 	 	 	 	 	 	 	 	 
 	 	 	 	 	 	 	 	 	 	 	 	 	 
 	 	 	 	 	 	 	 	 	 	 	 	 	 
 	 	 	 	 	 	 	 	 	 	 	 	 	 
 	 	 	 	 	 	 	 	 	 	 	 	 	 
 	 	 	 	 	 	 	 	 	 	 	 	 	 
 	 	 	 	 	 	 	 	 	 	 	 	 	 
 	 	 	 	 	 	 	 	 	 	 	 	 	 
 	 	 	 	 	 	 	 	 	 	 	 	 	 
 	 	 	 	 	 	 	 	 	 	 	 	 	 
 	 	 	 	 	 	 	 	 	 	 	 	 	 
 	 	 	 	 	 	 	 	 	 	 	 	 	 
 	 	 	 	 	 	 	 	 	 	 	 	 	 
 	 	 	 	 	 	 	 	 	 	 	 	 	 
 	 	 	 	 	 	 	 	 	 	 	 	 	 
 	 	 	 	 	 	 	 	 	 	 	 	 	 
 	 	 	 	 	 	 	 	 	 	 	 	 	 
 	 	 	 	 	 	 	 	 	 	 	 	 	 
 	 	 	 	 	 	 	 	 	 	 	 	 	 
 	 	 	 	 	 	 	 	 	 	 	 	 	 
 	 	 	 	 	 	 	 	 	 	 	 	 	 
 	 	 	 	 	 	 	 	 	 	 	 	 	 
 	 	 	 	 	 	 	 	 	 	 	 	 	 
 	 	 	 	 	 	 	 	 	 	 	 	 	 
 	 	 	 	 	 	 	 	 	 	 	 	 	 
 	 	 	 	 	 	 	 	 	 	 	 	 	 
 	 	 	 	 	 	 	 	 	 	 	 	 	 
 	 	 	 	 	 	 	 	 	 	 	 	 	 
 	 	 	 	 	 	 	 	 	 	 	 	 	 
 	 	 	 	 	 	 	 	 	 	 	 	 	 
 	 	 	 	 	 	 	 	 	 	 	 	 	 
 	 	 	 	 	 	 	 	 	 	 	 	 	 
 	 	 	 	 	 	 	 	 	 	 	 	 	 
 	 	 	 	 	 	 	 	 	 	 	 	 	 
>	 	 	 	 	 	 	 	 	 	 	 	 	 	 	-1	 	 	-1	 	 	-1	 	 	-1	 	 	-1	 
<none>	 	 	 	 	 	 	 	 	 	 	 	 	 	 	-1	 	 	-1	 	 	-1	 	 	-1	 	 	-1	 
<none>	 	 	 	 	 	 	 	 	 	 	 	 	 	 	-1	 	 	-1	 	 	-1	 	 	-1	 	 	-1	 
<none>	 	 	 	 	 	 	 	 	 	 	 	 	 	 	-1	 	 	-1	 	 	-1	 	 	-1	 	 	-1	 
<none>	 	 	 	 	 	 	 	 	 	 	 	 	 	 	-1	 	 	-1	 	 	-1	 	 	-1	 	 	-1	 
<none>	 	 	 	 	 	 	 	 	 	 	 	 	 	 	-1	 	 	-1	 	 	-1	 	 	-1	 	 	-1	 
<none>	 	 	 	 	 	 	 	 	 	 	 	 	 	 	-1	 	 	-1	 	 	-1	 	 	-1	 	 	-1	 
<none>	 	 	 	 	 	 	 	 	 	 	 	 	 	 	-1	 	 	-1	 	 	-1	 	 	-1	 	 	-1	 
<none>	 	 	 	 	 	 	 	 	 	 	 	 	 	 	-1	 	 	-1	 	 	-1	 	 	-1	 	 	-1	 
<none>	 	 	 	 	 	 	 	 	 	 	 	 	 	 	-1	 	 	-1	 	 	-1	 	 	-1	 	 	-1	 
<none>	 	 	 	 	 	 	 	 	 	 	 	 	 	 	-1	 	 	-1	 	 	-1	 	 	-1	 	 	-1	 
<none>	 	 	 	 	 	 	 	 	 	 	 	 	 	 	-1	 	 	-1	 	 	-1	 	 	-1	 	 	-1	 
<none>	 	 	 	 	 	 	 	 	 	 	 	 	 	 	-1	 	 	-1	 	 	-1	 	 	-1	 	 	-1	 
<none>	 	 	 	 	 	 	 	 	 	 	 	 	 	 	-1	 	 	-1	 	 	-1	 	 	-1	 	 	-1	 
<none>	 	 	 	 	 	 	 	 	 	 	 	 	 	 	-1	 	 	-1	 	 	-1	 	 	-1	 	 	-1	 
<none>	 	 	 	 	 	 	 	 	 	 	 	 	 	 	-1	 	 	-1	 	 	-1	 	 	-1	 	 	-1	 
<none>	 	 	 	 	 	 	 	 	 	 	 	 	 	 	-1	 	 	-1	 	 	-1	 	 	-1	 	 	-1	 
<none>	 	 	 	 	 	 	 	 	 	 	 	 	 	 	-1	 	 	-1	 	 	-1	 	 	-1	 	 	-1	 
<none>	 	 	 	 	 	 	 	 	 	 	 	 	 	 	-1	 	 	-1	 	 	-1	 	 	-1	 	 	-1	 
<none>	 	 	 	 	 	 	 	 	 	 	 	 	 	 	-1	 	 	-1	 	 	-1	 	 	-1	 	 	-1	 
<none>	 	 	 	 	 	 	 	 	 	 	 	 	 	 	-1	 	 	-1	 	 	-1	 	 	-1	 	 	-1	 
<none>	 	 	 	 	 	 	 	 	 	 	 	 	 	 	-1	 	 	-1	 	 	-1	 	 	-1	 	 	-1	 
<none>	 	 	 	 	 	 	 	 	 	 	 	 	 	 	-1	 	 	-1	 	 	-1	 	 	-1	 	 	-1	 
<none>	 	 	 	 	 	 	 	 	 	 	 	 	 	 	-1	 	 	-1	 	 	-1	 	 	-1	 	 	-1	 
<none>	 	 	 	 	 	 	 	 	 	 	 	 	 	 	-1	 	 	-1	 	 	-1	 	 	-1	 	 	-1	 
<none>	 	 	 	 	 	 	 	 	 	 	 	 	 	 	-1	 	 	-1	 	 	-1	 	 	-1	 	 	-1	 
<none>	 	 	 	 	 	 	 	 	 	 	 	 	 	 	-1	 	 	-1	 	 	-1	 	 	-1	 	 	-1	 
<none>	 	 	 	 	 	 	 	 	 	 	 	 	 	 	-1	 	 	-1	 	 	-1	 	 	-1	 	 	-1	 
<none>	 	 	 	 	 	 	 	 	 	 	 	 	 	 	-1	 	 	-1	 	 	-1	 	 	-1	 	 	-1	 
<none>	 	 	 	 	 	 	 	 	 	 	 	 	 	 	-1	 	 	-1	 	 	-1	 	 	-1	 	 	-1	 
<none>	 	 	 	 	 	 	 	 	 	 	 	 	 	 	-1	 	 	-1	 	 	-1	 	 	-1	 	 	-1	 
<none>	 	 	 	 	 	 	 	 	 	 	 	 	 	 	-1	 	 	-1	 	 	-1	 	 	-1	 	 	-1	 
<none>	 	 	 	 	 	 	 	 	 	 	 	 	 	 	-1	 	 	-1	 	 	-1	 	 	-1	 	 	-1	 
<none>	 	 	 	 	 	 	 	 	 	 	 	 	 	 	-1	 	 	-1	 	 	-1	 	 	-1	 	 	-1	 
<none>	 	 	 	 	 	 	 	 	 	 	 	 	 	 	-1	 	 	-1	 	 	-1	 	 	-1	 	 	-1	 
<none>	 	 	 	 	 	 	 	 	 	 	 	 	 	 	-1	 	 	-1	 	 	-1	 	 	-1	 	 	-1	 
<none>	 	 	 	 	 	 	 	 	 	 	 	 	 	 	-1	 	 	-1	 	 	-1	 	 	-1	 	 	-1	 
<none>	 	 	 	 	 	 	 	 	 	 	 	 	 	 	-1	 	 	-1	 	 	-1	 	 	-1	 	 	-1	 
<none>	 	 	 	 	 	 	 	 	 	 	 	 	 	 	-1	 	 	-1	 	 	-1	 	 	-1	 	 	-1	 
<none>	 	 	 	 	 	 	 	 	 	 	 	 	 	 	-1	 	 	-1	 	 	-1	 	 	-1	 	 	-1	 
<none>	 	 	 	 	 	 	 	 	 	 	 	 	 	 	-1	 	 	-1	 	 	-1	 	 	-1	 	 	-1	 
<none>	 	 	 	 	 	 	 	 	 	 	 	 	 	 	-1	 	 	-1	 	 	-1	 	 	-1	 	 	-1	 
<none>	 	 	 	 	 	 	 	 	 	 	 	 	 	 	-1	 	 	-1	 	 	-1	 	 	-1	 	 	-1	 
<none>	 	 	 	 	 	 	 	 	 	 	 	 	 	 	-1	 	 	-1	 	 	-1	 	 	-1	 	 	-1	 
<none>	 	 	 	 	 	 	 	 	 	 	 	 	 	 	-1	 	 	-1	 	 	-1	 	 	-1	 	 	-1	 
<none>	 	 	 	 	 	 	 	 	 	 	 	 	 	 	-1	 	 	-1	 	 	-1	 	 	-1	 	 	-1	 
<none>	 	 	 	 	 	 	 	 	 	 	 	 	 	 	-1	 	 	-1	 	 	-1	 	 	-1	 	 	-1	 
<none>	 	 	 	 	 	 	 	 	 	 	 	 	 	 	-1	 	 	-1	 	 	-1	 	 	-1	 	 	-1	 
<none>	 	 	 	 	 	 	 	 	 	 	 	 	 	 	-1	 	 	-1	 	 	-1	 	 	-1	 	 	-1	 
<none>	 	 	 	 	 	 	 	 	 	 	 	 	 	 	-1	 	 	-1	 	 	-1	 	 	-1	 	 	-1	 
<none>	 	 	 	 	 	 	 	 	 	 	 	 	 	 	-1	 	 	-1	 	 	-1	 	 	-1	 	 	-1	 
<none>	 	 	 	 	 	 	 	 	 	 	 	 	 	 	-1	 	 	-1	 	 	-1	 	 	-1	 	 	-1	 
<none>	 	 	 	 	 	 	 	 	 	 	 	 	 	 	-1	 	 	-1	 	 	-1	 	 	-1	 	 	-1	 
<none>	 	 	 	 	 	 	 	 	 	 	 	 	 	 	-1	 	 	-1	 	 	-1	 	 	-1	 	 	-1	 
<none>	 	 	 	 	 	 	 	 	 	 	 	 	 	 	-1	 	 	-1	 	 	-1	 	 	-1	 	 	-1	 
<none>	 	 	 	 	 	 	 	 	 	 	 	 	 	 	-1	 	 	-1	 	 	-1	 	 	-1	 	 	-1	 
<none>	 	 	 	 	 	 	 	 	 	 	 	 	 	 	-1	 	 	-1	 	 	-1	 	 	-1	 	 	-1	 
<none>	 	 	 	 	 	 	 	 	 	 	 	 	 	 	-1	 	 	-1	 	 	-1	 	 	-1	 	 	-1	 
<none>	 	 	 	 	 	 	 	 	 	 	 	 	 	 	-1	 	 	-1	 	 	-1	 	 	-1	 	 	-1	 
<none>	 	 	 	 	 	 	 	 	 	 	 	 	 	 	-1	 	 	-1	 	 	-1	 	 	-1	 	 	-1	 
<none>	 	 	 	 	 	 	 	 	 	 	 	 	 	 	-1	 	 	-1	 	 	-1	 	 	-1	 	 	-1	 
<none>	 	 	 	 	 	 	 	 	 	 	 	 	 	 	-1	 	 	-1	 	 	-1	 	 	-1	 	 	-1	 
<none>	 	 	 	 	 	 	 	 	 	 	 	 	 	 	-1	 	 	-1	 	 	-1	 	 	-1	 	 	-1	 
<none>	 	 	 	 	 	 	 	 	 	 	 	 	 	 	-1	 	 	-1	 	 	-1	 	 	-1	 	 	-1	 
<none>	 	 	 	 	 	 	 	 	 	 	 	 	 	 	-1	 	 	-1	 	 	-1	 	 	-1	 	 	-1	 
<none>	 	 	 	 	 	 	 	 	 	 	 	 	 	 	-1	 	 	-1	 	 	-1	 	 	-1	 	 	-1	 
<none>	 	 	 	 	 	 	 	 	 	 	 	 	 	 	-1	 	 	-1	 	 	-1	 	 	-1	 	 	-1	 
<none>	 	 	 	 	 	 	 	 	 	 	 	 	 	 	-1	 	 	-1	 	 	-1	 	 	-1	 	 	-1	 
<none>	 	 	 	 	 	 	 	 	 	 	 	 	 	 	-1	 	 	-1	 	 	-1	 	 	-1	 	 	-1	 
<none>	 	 	 	 	 	 	 	 	 	 	 	 	 	 	-1	 	 	-1	 	 	-1	 	 	-1	 	 	-1	 
<none>	 	 	 	 	 	 	 	 	 	 	 	 	 	 	-1	 	 	-1	 	 	-1	 	 	-1	 	 	-1	 
<none>	 	 	 	 	 	 	 	 	 	 	 	 	 	 	-1	 	 	-1	 	 	-1	 	 	-1	 	 	-1	 
<none>	 	 	 	 	 	 	 	 	 	 	 	 	 	 	-1	 	 	-1	 	 	-1	 	 	-1	 	 	-1	 
<none>	 	 	 	 	 	 	 	 	 	 	 	 	 	 	-1	 	 	-1	 	 	-1	 	 	-1	 	 	-1	 
<none>	 	 	 	 	 	 	 	 	 	 	 	 	 	 	-1	 	 	-1	 	 	-1	 	 	-1	 	 	-1	 
<none>	 	 	 	 	 	 	 	 	 	 	 	 	 	 	-1	 	 	-1	 	 	-1	 	 	-1	 	 	-1	 
<none>	 	 	 	 	 	 	 	 	 	 	 	 	 	 	-1	 	 	-1	 	 	-1	 	 	-1	 	 	-1	 
<none>	 	 	 	 	 	 	 	 	 	 	 	 	 	 	-1	 	 	-1	 	 	-1	 	 	-1	 	 	-1	 
<none>	 	 	 	 	 	 	 	 	 	 	 	 	 	 	-1	 	 	-1	 	 	-1	 	 	-1	 	 	-1	 
<none>	 	 	 	 	 	 	 	 	 	 	 	 	 	 	-1	 	 	-1	 	 	-1	 	 	-1	 	 	-1	 
<none>	 	 	 	 	 	 	 	 	 	 	 	 	 	 	-1	 	 	-1	 	 	-1	 	 	-1	 	 	-1	 
<none>	 	 	 	 	 	 	 	 	 	 	 	 	 	 	-1	 	 	-1	 	 	-1	 	 	-1	 	 	-1	 
<none>	 	 	 	 	 	 	 	 	 	 	 	 	 	 	-1	 	 	-1	 	 	-1	 	 	-1	 	 	-1	 
<none>	 	 	 	 	 	 	 	 	 	 	 	 	 	 	-1	 	 	-1	 	 	-1	 	 	-1	 	 	-1	 
<none>	 	 	 	 	 	 	 	 	 	 	 	 	 	 	-1	 	 	-1	 	 	-1	 	 	-1	 	 	-1	 
<none>	 	 	 	 	 	 	 	 	 	 	 	 	 	 	-1	 	 	-1	 	 	-1	 	 	-1	 	 	-1	 
<none>	 	 	 	 	 	 	 	 	 	 	 	 	 	 	-1	 	 	-1	 	 	-1	 	 	-1	 	 	-1	 
<none>	 	 	 	 	 	 	 	 	 	 	 	 	 	 	-1	 	 	-1	 	 	-1	 	 	-1	 	 	-1	 
<none>	 	 	 	 	 	 	 	 	 	 	 	 	 	 	-1	 	 	-1	 	 	-1	 	 	-1	 	 	-1	 
<none>	 	 	 	 	 	 	 	 	 	 	 	 	 	 	-1	 	 	-1	 	 	-1	 	 	-1	 	 	-1	 
<none>	 	 	 	 	 	 	 	 	 	 	 	 	 	 	-1	 	 	-1	 	 	-1	 	 	-1	 	 	-1	 
<none>	 	 	 	 	 	 	 	 	 	 	 	 	 	 	-1	 	 	-1	 	 	-1	 	 	-1	 	 	-1	 
<none>	 	 	 	 	 	 	 	 	 	 	 	 	 	 	-1	 	 	-1	 	 	-1	 	 	-1	 	 	-1	 
<none>	 	 	 	 	 	 	 	 	 	 	 	 	 	 	-1	 	 	-1	 	 	-1	 	 	-1	 	 	-1	 
<none>	 	 	 	 	 	 	 	 	 	 	 	 	 	 	-1	 	 	-1	 	 	-1	 	 	-1	 	 	-1	 
<none>	 	 	 	 	 	 	 	 	 	 	 	 	 	 	-1	 	 	-1	 	 	-1	 	 	-1	 	 	-1	 
<none>	 	 	 	 	 	 	 	 	 	 	 	 	 	 	-1	 	 	-1	 	 	-1	 	 	-1	 	 	-1	 
<none>	 	 	 	 	 	 	 	 	 	 	 	 	 	 	-1	 	 	-1	 	 	-1	 	 	-1	 	 	-1	 
<none>	 	 	 	 	 	 	 	 	 	 	 	 	 	 	-1	 	 	-1	 	 	-1	 	 	-1	 	 	-1	 
<none>	 	 	 	 	 	 	 	 	 	 	 	 	 	 	-1	 	 	-1	 	 	-1	 	 	-1	 	 	-1	 
<none>	 	 	 	 	 	 	 	 	 	 	 	 	 	 	-1	 	 	-1	 	 	-1	 	 	-1	 	 	-1	 
<none>	 	 	 	 	 	 	 	 	 	 	 	 	 	 	-1	 	 	-1	 	 	-1	 	 	-1	 	 	-1	 
<none>	 	 	 	 	 	 	 	 	 	 	 	 	 	 	-1	 	 	-1	 	 	-1	 	 	-1	 	 	-1	 
<none>	 	 	 	 	 	 	 	 	 	 	 	 	 	 	-1	 	 	-1	 	 	-1	 	 	-1	 	 	-1	 
<none>	 	 	 	 	 	 	 	 	 	 	 	 	 	 	-1	 	 	-1	 	 	-1	 	 	-1	 	 	-1	 
<none>	 	 	 	 	 	 	 	 	 	 	 	 	 	 	-1	 	 	-1	 	 	-1	 	 	-1	 	 	-1	 
<none>	 	 	 	 	 	 	 	 	 	 	 	 	 	 	-1	 	 	-1	 	 	-1	 	 	-1	 	 	-1	 
<none>	 	 	 	 	 	 	 	 	 	 	 	 	 	 	-1	 	 	-1	 	 	-1	 	 	-1	 	 	-1	 
<none>	 	 	 	 	 	 	 	 	 	 	 	 	 	 	-1	 	 	-1	 	 	-1	 	 	-1	 	 	-1	 
